2026-06-12 16:40:14,620 - aqt.helper - DEBUG - helper 17588 Attempt to download checksum at https://download.qt.io/online/qtsdkrepository/windows_x86/desktop/qt6_653/Updates.xml.sha256
2026-06-12 16:40:19,297 - aqt.helper - DEBUG - helper 17588 Attempt to download checksum at https://download.qt.io/online/qtsdkrepository/windows_x86/desktop/qt6_653_wasm_singlethread/Updates.xml.sha256
2026-06-12 16:40:23,008 - aqt.helper - DEBUG - helper 17588 Attempt to download checksum at https://download.qt.io/online/qtsdkrepository/windows_x86/desktop/qt6_653_wasm_multithread/Updates.xml.sha256
2026-06-12 16:42:14,514 - aqt.main - INFO - installer 22868 aqtinstall(aqt) v3.3.0 on Python 3.12.3 [CPython MSC v.1938 64 bit (AMD64)]
2026-06-12 16:42:14,515 - aqt.helper - DEBUG - helper 22868 Attempt to download checksum at https://download.qt.io/online/qtsdkrepository/windows_x86/desktop/qt6_653/Updates.xml.sha256
2026-06-12 16:42:18,719 - aqt.helper - DEBUG - helper 26336 Attempt to download checksum at https://download.qt.io/online/qtsdkrepository/windows_x86/desktop/qt6_653/qt.qt6.653.win64_msvc2019_64/6.5.3-0-202309260341qtbase-Windows-Windows_10_22H2-MSVC2019-Windows-Windows_10_22H2-X86_64.7z.sha256
2026-06-12 16:42:18,724 - aqt.helper - DEBUG - helper 5704 Attempt to download checksum at https://download.qt.io/online/qtsdkrepository/windows_x86/desktop/qt6_653/qt.qt6.653.win64_msvc2019_64/6.5.3-0-202309260341qtsvg-Windows-Windows_10_22H2-MSVC2019-Windows-Windows_10_22H2-X86_64.7z.sha256
2026-06-12 16:42:18,754 - aqt.helper - DEBUG - helper 26892 Attempt to download checksum at https://download.qt.io/online/qtsdkrepository/windows_x86/desktop/qt6_653/qt.qt6.653.win64_msvc2019_64/6.5.3-0-202309260341qtdeclarative-Windows-Windows_10_22H2-MSVC2019-Windows-Windows_10_22H2-X86_64.7z.sha256
2026-06-12 16:42:18,755 - aqt.helper - DEBUG - helper 26528 Attempt to download checksum at https://download.qt.io/online/qtsdkrepository/windows_x86/desktop/qt6_653/qt.qt6.653.win64_msvc2019_64/6.5.3-0-202309260341qttools-Windows-Windows_10_22H2-MSVC2019-Windows-Windows_10_22H2-X86_64.7z.sha256
2026-06-12 16:42:20,607 - aqt.helper - INFO - helper 26336 Downloading qtbase...
2026-06-12 16:42:20,607 - aqt.installer - DEBUG - installer 26336 Download URL: https://mirrors.tuna.tsinghua.edu.cn/qt/online/qtsdkrepository/windows_x86/desktop/qt6_653/qt.qt6.653.win64_msvc2019_64/6.5.3-0-202309260341qtbase-Windows-Windows_10_22H2-MSVC2019-Windows-Windows_10_22H2-X86_64.7z
2026-06-12 16:42:20,625 - aqt.helper - INFO - helper 5704 Downloading qtsvg...
2026-06-12 16:42:20,625 - aqt.installer - DEBUG - installer 5704 Download URL: https://mirrors.tuna.tsinghua.edu.cn/qt/online/qtsdkrepository/windows_x86/desktop/qt6_653/qt.qt6.653.win64_msvc2019_64/6.5.3-0-202309260341qtsvg-Windows-Windows_10_22H2-MSVC2019-Windows-Windows_10_22H2-X86_64.7z
2026-06-12 16:42:20,647 - aqt.helper - INFO - helper 26892 Downloading qtdeclarative...
2026-06-12 16:42:20,647 - aqt.installer - DEBUG - installer 26892 Download URL: https://mirrors.tuna.tsinghua.edu.cn/qt/online/qtsdkrepository/windows_x86/desktop/qt6_653/qt.qt6.653.win64_msvc2019_64/6.5.3-0-202309260341qtdeclarative-Windows-Windows_10_22H2-MSVC2019-Windows-Windows_10_22H2-X86_64.7z
2026-06-12 16:42:21,182 - aqt.helper - INFO - helper 26336 Downloading qtbase: attempt #2...
2026-06-12 16:42:21,182 - aqt.installer - DEBUG - installer 26336 Download URL: https://mirrors.tuna.tsinghua.edu.cn/qt/online/qtsdkrepository/windows_x86/desktop/qt6_653/qt.qt6.653.win64_msvc2019_64/6.5.3-0-202309260341qtbase-Windows-Windows_10_22H2-MSVC2019-Windows-Windows_10_22H2-X86_64.7z
2026-06-12 16:42:21,200 - aqt.helper - INFO - helper 5704 Downloading qtsvg: attempt #2...
2026-06-12 16:42:21,200 - aqt.installer - DEBUG - installer 5704 Download URL: https://mirrors.tuna.tsinghua.edu.cn/qt/online/qtsdkrepository/windows_x86/desktop/qt6_653/qt.qt6.653.win64_msvc2019_64/6.5.3-0-202309260341qtsvg-Windows-Windows_10_22H2-MSVC2019-Windows-Windows_10_22H2-X86_64.7z
2026-06-12 16:42:21,205 - aqt.helper - INFO - helper 26892 Downloading qtdeclarative: attempt #2...
2026-06-12 16:42:21,205 - aqt.installer - DEBUG - installer 26892 Download URL: https://mirrors.tuna.tsinghua.edu.cn/qt/online/qtsdkrepository/windows_x86/desktop/qt6_653/qt.qt6.653.win64_msvc2019_64/6.5.3-0-202309260341qtdeclarative-Windows-Windows_10_22H2-MSVC2019-Windows-Windows_10_22H2-X86_64.7z
2026-06-12 16:42:21,726 - aqt.helper - INFO - helper 26892 Downloading qtdeclarative: attempt #3...
2026-06-12 16:42:21,726 - aqt.installer - DEBUG - installer 26892 Download URL: https://mirrors.tuna.tsinghua.edu.cn/qt/online/qtsdkrepository/windows_x86/desktop/qt6_653/qt.qt6.653.win64_msvc2019_64/6.5.3-0-202309260341qtdeclarative-Windows-Windows_10_22H2-MSVC2019-Windows-Windows_10_22H2-X86_64.7z
2026-06-12 16:42:21,784 - aqt.helper - INFO - helper 26528 Downloading qttools...
2026-06-12 16:42:21,784 - aqt.installer - DEBUG - installer 26528 Download URL: https://mirrors.tuna.tsinghua.edu.cn/qt/online/qtsdkrepository/windows_x86/desktop/qt6_653/qt.qt6.653.win64_msvc2019_64/6.5.3-0-202309260341qttools-Windows-Windows_10_22H2-MSVC2019-Windows-Windows_10_22H2-X86_64.7z
2026-06-12 16:42:22,246 - aqt.helper - INFO - helper 26892 Downloading qtdeclarative: attempt #4...
2026-06-12 16:42:22,246 - aqt.installer - DEBUG - installer 26892 Download URL: https://mirrors.tuna.tsinghua.edu.cn/qt/online/qtsdkrepository/windows_x86/desktop/qt6_653/qt.qt6.653.win64_msvc2019_64/6.5.3-0-202309260341qtdeclarative-Windows-Windows_10_22H2-MSVC2019-Windows-Windows_10_22H2-X86_64.7z
2026-06-12 16:42:22,317 - aqt.helper - INFO - helper 26528 Downloading qttools: attempt #2...
2026-06-12 16:42:22,317 - aqt.installer - DEBUG - installer 26528 Download URL: https://mirrors.tuna.tsinghua.edu.cn/qt/online/qtsdkrepository/windows_x86/desktop/qt6_653/qt.qt6.653.win64_msvc2019_64/6.5.3-0-202309260341qttools-Windows-Windows_10_22H2-MSVC2019-Windows-Windows_10_22H2-X86_64.7z
2026-06-12 16:42:22,330 - aqt.helper - INFO - helper 26336 Downloading qtbase: attempt #3...
2026-06-12 16:42:22,330 - aqt.installer - DEBUG - installer 26336 Download URL: https://mirrors.tuna.tsinghua.edu.cn/qt/online/qtsdkrepository/windows_x86/desktop/qt6_653/qt.qt6.653.win64_msvc2019_64/6.5.3-0-202309260341qtbase-Windows-Windows_10_22H2-MSVC2019-Windows-Windows_10_22H2-X86_64.7z
2026-06-12 16:42:22,334 - aqt.helper - INFO - helper 5704 Downloading qtsvg: attempt #3...
2026-06-12 16:42:22,335 - aqt.installer - DEBUG - installer 5704 Download URL: https://mirrors.tuna.tsinghua.edu.cn/qt/online/qtsdkrepository/windows_x86/desktop/qt6_653/qt.qt6.653.win64_msvc2019_64/6.5.3-0-202309260341qtsvg-Windows-Windows_10_22H2-MSVC2019-Windows-Windows_10_22H2-X86_64.7z
2026-06-12 16:42:22,836 - aqt.helper - INFO - helper 26892 Downloading qtdeclarative: attempt #5...
2026-06-12 16:42:22,836 - aqt.installer - DEBUG - installer 26892 Download URL: https://mirrors.tuna.tsinghua.edu.cn/qt/online/qtsdkrepository/windows_x86/desktop/qt6_653/qt.qt6.653.win64_msvc2019_64/6.5.3-0-202309260341qtdeclarative-Windows-Windows_10_22H2-MSVC2019-Windows-Windows_10_22H2-X86_64.7z
2026-06-12 16:42:22,887 - aqt.helper - INFO - helper 26336 Downloading qtbase: attempt #4...
2026-06-12 16:42:22,887 - aqt.installer - DEBUG - installer 26336 Download URL: https://mirrors.tuna.tsinghua.edu.cn/qt/online/qtsdkrepository/windows_x86/desktop/qt6_653/qt.qt6.653.win64_msvc2019_64/6.5.3-0-202309260341qtbase-Windows-Windows_10_22H2-MSVC2019-Windows-Windows_10_22H2-X86_64.7z
2026-06-12 16:42:22,896 - aqt.helper - INFO - helper 26528 Downloading qttools: attempt #3...
2026-06-12 16:42:22,896 - aqt.installer - DEBUG - installer 26528 Download URL: https://mirrors.tuna.tsinghua.edu.cn/qt/online/qtsdkrepository/windows_x86/desktop/qt6_653/qt.qt6.653.win64_msvc2019_64/6.5.3-0-202309260341qttools-Windows-Windows_10_22H2-MSVC2019-Windows-Windows_10_22H2-X86_64.7z
2026-06-12 16:42:23,076 - aqt.helper - DEBUG - helper 26892 Attempt to download checksum at https://download.qt.io/online/qtsdkrepository/windows_x86/desktop/qt6_653/qt.qt6.653.win64_msvc2019_64/6.5.3-0-202309260341qttranslations-Windows-Windows_10_22H2-MSVC2019-Windows-Windows_10_22H2-X86_64.7z.sha256
2026-06-12 16:42:23,108 - aqt.helper - INFO - helper 26336 Downloading qtbase: attempt #5...
2026-06-12 16:42:23,108 - aqt.installer - DEBUG - installer 26336 Download URL: https://mirrors.tuna.tsinghua.edu.cn/qt/online/qtsdkrepository/windows_x86/desktop/qt6_653/qt.qt6.653.win64_msvc2019_64/6.5.3-0-202309260341qtbase-Windows-Windows_10_22H2-MSVC2019-Windows-Windows_10_22H2-X86_64.7z
2026-06-12 16:42:23,141 - aqt.helper - INFO - helper 26528 Downloading qttools: attempt #4...
2026-06-12 16:42:23,141 - aqt.installer - DEBUG - installer 26528 Download URL: https://mirrors.tuna.tsinghua.edu.cn/qt/online/qtsdkrepository/windows_x86/desktop/qt6_653/qt.qt6.653.win64_msvc2019_64/6.5.3-0-202309260341qttools-Windows-Windows_10_22H2-MSVC2019-Windows-Windows_10_22H2-X86_64.7z
2026-06-12 16:42:23,463 - aqt.helper - DEBUG - helper 26336 Attempt to download checksum at https://download.qt.io/online/qtsdkrepository/windows_x86/desktop/qt6_653/qt.qt6.653.win64_msvc2019_64/6.5.3-0-202309260341d3dcompiler_47-x64.7z.sha256
2026-06-12 16:42:23,545 - aqt.helper - INFO - helper 26528 Downloading qttools: attempt #5...
2026-06-12 16:42:23,545 - aqt.installer - DEBUG - installer 26528 Download URL: https://mirrors.tuna.tsinghua.edu.cn/qt/online/qtsdkrepository/windows_x86/desktop/qt6_653/qt.qt6.653.win64_msvc2019_64/6.5.3-0-202309260341qttools-Windows-Windows_10_22H2-MSVC2019-Windows-Windows_10_22H2-X86_64.7z
2026-06-12 16:42:24,019 - aqt.helper - DEBUG - helper 26528 Attempt to download checksum at https://download.qt.io/online/qtsdkrepository/windows_x86/desktop/qt6_653/qt.qt6.653.win64_msvc2019_64/6.5.3-0-202309260341opengl32sw-64-mesa_11_2_2-signed_sha256.7z.sha256
2026-06-12 16:42:24,114 - aqt.helper - INFO - helper 5704 Downloading qtsvg: attempt #4...
2026-06-12 16:42:24,114 - aqt.installer - DEBUG - installer 5704 Download URL: https://mirrors.tuna.tsinghua.edu.cn/qt/online/qtsdkrepository/windows_x86/desktop/qt6_653/qt.qt6.653.win64_msvc2019_64/6.5.3-0-202309260341qtsvg-Windows-Windows_10_22H2-MSVC2019-Windows-Windows_10_22H2-X86_64.7z
2026-06-12 16:42:24,548 - aqt.helper - INFO - helper 5704 Downloading qtsvg: attempt #5...
2026-06-12 16:42:24,548 - aqt.installer - DEBUG - installer 5704 Download URL: https://mirrors.tuna.tsinghua.edu.cn/qt/online/qtsdkrepository/windows_x86/desktop/qt6_653/qt.qt6.653.win64_msvc2019_64/6.5.3-0-202309260341qtsvg-Windows-Windows_10_22H2-MSVC2019-Windows-Windows_10_22H2-X86_64.7z
2026-06-12 16:42:24,928 - aqt.helper - INFO - helper 26892 Downloading qttranslations...
2026-06-12 16:42:24,928 - aqt.installer - DEBUG - installer 26892 Download URL: https://mirrors.tuna.tsinghua.edu.cn/qt/online/qtsdkrepository/windows_x86/desktop/qt6_653/qt.qt6.653.win64_msvc2019_64/6.5.3-0-202309260341qttranslations-Windows-Windows_10_22H2-MSVC2019-Windows-Windows_10_22H2-X86_64.7z
2026-06-12 16:42:25,271 - aqt.helper - INFO - helper 26336 Downloading d3dcompiler_47...
2026-06-12 16:42:25,272 - aqt.installer - DEBUG - installer 26336 Download URL: https://mirrors.tuna.tsinghua.edu.cn/qt/online/qtsdkrepository/windows_x86/desktop/qt6_653/qt.qt6.653.win64_msvc2019_64/6.5.3-0-202309260341d3dcompiler_47-x64.7z
2026-06-12 16:42:25,418 - aqt.helper - INFO - helper 26892 Downloading qttranslations: attempt #2...
2026-06-12 16:42:25,418 - aqt.installer - DEBUG - installer 26892 Download URL: https://mirrors.tuna.tsinghua.edu.cn/qt/online/qtsdkrepository/windows_x86/desktop/qt6_653/qt.qt6.653.win64_msvc2019_64/6.5.3-0-202309260341qttranslations-Windows-Windows_10_22H2-MSVC2019-Windows-Windows_10_22H2-X86_64.7z
2026-06-12 16:42:25,801 - aqt.helper - INFO - helper 26336 Downloading d3dcompiler_47: attempt #2...
2026-06-12 16:42:25,802 - aqt.installer - DEBUG - installer 26336 Download URL: https://mirrors.tuna.tsinghua.edu.cn/qt/online/qtsdkrepository/windows_x86/desktop/qt6_653/qt.qt6.653.win64_msvc2019_64/6.5.3-0-202309260341d3dcompiler_47-x64.7z
2026-06-12 16:42:25,899 - aqt.helper - INFO - helper 26528 Downloading opengl32sw...
2026-06-12 16:42:25,899 - aqt.installer - DEBUG - installer 26528 Download URL: https://mirrors.tuna.tsinghua.edu.cn/qt/online/qtsdkrepository/windows_x86/desktop/qt6_653/qt.qt6.653.win64_msvc2019_64/6.5.3-0-202309260341opengl32sw-64-mesa_11_2_2-signed_sha256.7z
2026-06-12 16:42:25,951 - aqt.helper - INFO - helper 26892 Downloading qttranslations: attempt #3...
2026-06-12 16:42:25,951 - aqt.installer - DEBUG - installer 26892 Download URL: https://mirrors.tuna.tsinghua.edu.cn/qt/online/qtsdkrepository/windows_x86/desktop/qt6_653/qt.qt6.653.win64_msvc2019_64/6.5.3-0-202309260341qttranslations-Windows-Windows_10_22H2-MSVC2019-Windows-Windows_10_22H2-X86_64.7z
2026-06-12 16:42:26,323 - aqt.helper - INFO - helper 26336 Downloading d3dcompiler_47: attempt #3...
2026-06-12 16:42:26,323 - aqt.installer - DEBUG - installer 26336 Download URL: https://mirrors.tuna.tsinghua.edu.cn/qt/online/qtsdkrepository/windows_x86/desktop/qt6_653/qt.qt6.653.win64_msvc2019_64/6.5.3-0-202309260341d3dcompiler_47-x64.7z
2026-06-12 16:42:26,446 - aqt.helper - INFO - helper 26528 Downloading opengl32sw: attempt #2...
2026-06-12 16:42:26,447 - aqt.installer - DEBUG - installer 26528 Download URL: https://mirrors.tuna.tsinghua.edu.cn/qt/online/qtsdkrepository/windows_x86/desktop/qt6_653/qt.qt6.653.win64_msvc2019_64/6.5.3-0-202309260341opengl32sw-64-mesa_11_2_2-signed_sha256.7z
2026-06-12 16:42:26,813 - aqt.helper - INFO - helper 26892 Downloading qttranslations: attempt #4...
2026-06-12 16:42:26,813 - aqt.installer - DEBUG - installer 26892 Download URL: https://mirrors.tuna.tsinghua.edu.cn/qt/online/qtsdkrepository/windows_x86/desktop/qt6_653/qt.qt6.653.win64_msvc2019_64/6.5.3-0-202309260341qttranslations-Windows-Windows_10_22H2-MSVC2019-Windows-Windows_10_22H2-X86_64.7z
2026-06-12 16:42:26,886 - aqt.helper - INFO - helper 26336 Downloading d3dcompiler_47: attempt #4...
2026-06-12 16:42:26,886 - aqt.installer - DEBUG - installer 26336 Download URL: https://mirrors.tuna.tsinghua.edu.cn/qt/online/qtsdkrepository/windows_x86/desktop/qt6_653/qt.qt6.653.win64_msvc2019_64/6.5.3-0-202309260341d3dcompiler_47-x64.7z
2026-06-12 16:42:27,331 - aqt.helper - INFO - helper 26892 Downloading qttranslations: attempt #5...
2026-06-12 16:42:27,331 - aqt.installer - DEBUG - installer 26892 Download URL: https://mirrors.tuna.tsinghua.edu.cn/qt/online/qtsdkrepository/windows_x86/desktop/qt6_653/qt.qt6.653.win64_msvc2019_64/6.5.3-0-202309260341qttranslations-Windows-Windows_10_22H2-MSVC2019-Windows-Windows_10_22H2-X86_64.7z
2026-06-12 16:42:27,454 - aqt.helper - INFO - helper 26528 Downloading opengl32sw: attempt #3...
2026-06-12 16:42:27,454 - aqt.installer - DEBUG - installer 26528 Download URL: https://mirrors.tuna.tsinghua.edu.cn/qt/online/qtsdkrepository/windows_x86/desktop/qt6_653/qt.qt6.653.win64_msvc2019_64/6.5.3-0-202309260341opengl32sw-64-mesa_11_2_2-signed_sha256.7z
2026-06-12 16:42:27,461 - aqt.helper - INFO - helper 26336 Downloading d3dcompiler_47: attempt #5...
2026-06-12 16:42:27,461 - aqt.installer - DEBUG - installer 26336 Download URL: https://mirrors.tuna.tsinghua.edu.cn/qt/online/qtsdkrepository/windows_x86/desktop/qt6_653/qt.qt6.653.win64_msvc2019_64/6.5.3-0-202309260341d3dcompiler_47-x64.7z
2026-06-12 16:42:27,943 - aqt.helper - INFO - helper 26528 Downloading opengl32sw: attempt #4...
2026-06-12 16:42:27,943 - aqt.installer - DEBUG - installer 26528 Download URL: https://mirrors.tuna.tsinghua.edu.cn/qt/online/qtsdkrepository/windows_x86/desktop/qt6_653/qt.qt6.653.win64_msvc2019_64/6.5.3-0-202309260341opengl32sw-64-mesa_11_2_2-signed_sha256.7z
2026-06-12 16:42:28,434 - aqt.helper - INFO - helper 26528 Downloading opengl32sw: attempt #5...
2026-06-12 16:42:28,434 - aqt.installer - DEBUG - installer 26528 Download URL: https://mirrors.tuna.tsinghua.edu.cn/qt/online/qtsdkrepository/windows_x86/desktop/qt6_653/qt.qt6.653.win64_msvc2019_64/6.5.3-0-202309260341opengl32sw-64-mesa_11_2_2-signed_sha256.7z
2026-06-12 16:42:28,916 - aqt.installer - WARNING - installer 22868 Caught ArchiveChecksumError, terminating installer workers
2026-06-12 16:42:28,932 - aqt.main - ERROR - installer 22868 Downloaded file 6.5.3-0-202309260341qtdeclarative-Windows-Windows_10_22H2-MSVC2019-Windows-Windows_10_22H2-X86_64.7z is corrupted! Detect checksum error.
Expect c382f81da9c78917cb9b1872edd5d24408c5b334735557c87b0a6711a206dc2f: https://mirrors.tuna.tsinghua.edu.cn/qt/online/qtsdkrepository/windows_x86/desktop/qt6_653/qt.qt6.653.win64_msvc2019_64/6.5.3-0-202309260341qtdeclarative-Windows-Windows_10_22H2-MSVC2019-Windows-Windows_10_22H2-X86_64.7z
Actual a2fab04185fe9bcdcd96676d2abe2cedd1d9b94e505f60a908277d5f7b02a2a4: qtdeclarative-Windows-Windows_10_22H2-MSVC2019-Windows-Windows_10_22H2-X86_64.7z
2026-06-12 16:43:13,200 - aqt.main - INFO - installer 18932 aqtinstall(aqt) v3.3.0 on Python 3.12.3 [CPython MSC v.1938 64 bit (AMD64)]
2026-06-12 16:43:13,200 - aqt.helper - DEBUG - helper 18932 Attempt to download checksum at https://download.qt.io/online/qtsdkrepository/windows_x86/desktop/qt6_653/Updates.xml.sha256
2026-06-12 16:43:17,563 - aqt.helper - DEBUG - helper 2760 Attempt to download checksum at https://download.qt.io/online/qtsdkrepository/windows_x86/desktop/qt6_653/qt.qt6.653.win64_msvc2019_64/6.5.3-0-202309260341qtbase-Windows-Windows_10_22H2-MSVC2019-Windows-Windows_10_22H2-X86_64.7z.sha256
2026-06-12 16:43:17,579 - aqt.helper - DEBUG - helper 27392 Attempt to download checksum at https://download.qt.io/online/qtsdkrepository/windows_x86/desktop/qt6_653/qt.qt6.653.win64_msvc2019_64/6.5.3-0-202309260341qtsvg-Windows-Windows_10_22H2-MSVC2019-Windows-Windows_10_22H2-X86_64.7z.sha256
2026-06-12 16:43:17,592 - aqt.helper - DEBUG - helper 27420 Attempt to download checksum at https://download.qt.io/online/qtsdkrepository/windows_x86/desktop/qt6_653/qt.qt6.653.win64_msvc2019_64/6.5.3-0-202309260341qtdeclarative-Windows-Windows_10_22H2-MSVC2019-Windows-Windows_10_22H2-X86_64.7z.sha256
2026-06-12 16:43:17,594 - aqt.helper - DEBUG - helper 25004 Attempt to download checksum at https://download.qt.io/online/qtsdkrepository/windows_x86/desktop/qt6_653/qt.qt6.653.win64_msvc2019_64/6.5.3-0-202309260341qttools-Windows-Windows_10_22H2-MSVC2019-Windows-Windows_10_22H2-X86_64.7z.sha256
2026-06-12 16:43:19,313 - aqt.helper - INFO - helper 27420 Downloading qtdeclarative...
2026-06-12 16:43:19,313 - aqt.installer - DEBUG - installer 27420 Download URL: https://download.qt.io/online/qtsdkrepository/windows_x86/desktop/qt6_653/qt.qt6.653.win64_msvc2019_64/6.5.3-0-202309260341qtdeclarative-Windows-Windows_10_22H2-MSVC2019-Windows-Windows_10_22H2-X86_64.7z
2026-06-12 16:43:19,371 - aqt.helper - INFO - helper 2760 Downloading qtbase...
2026-06-12 16:43:19,371 - aqt.installer - DEBUG - installer 2760 Download URL: https://download.qt.io/online/qtsdkrepository/windows_x86/desktop/qt6_653/qt.qt6.653.win64_msvc2019_64/6.5.3-0-202309260341qtbase-Windows-Windows_10_22H2-MSVC2019-Windows-Windows_10_22H2-X86_64.7z
2026-06-12 16:43:19,393 - aqt.helper - INFO - helper 25004 Downloading qttools...
2026-06-12 16:43:19,393 - aqt.installer - DEBUG - installer 25004 Download URL: https://download.qt.io/online/qtsdkrepository/windows_x86/desktop/qt6_653/qt.qt6.653.win64_msvc2019_64/6.5.3-0-202309260341qttools-Windows-Windows_10_22H2-MSVC2019-Windows-Windows_10_22H2-X86_64.7z
2026-06-12 16:43:19,427 - aqt.helper - INFO - helper 27392 Downloading qtsvg...
2026-06-12 16:43:19,427 - aqt.installer - DEBUG - installer 27392 Download URL: https://download.qt.io/online/qtsdkrepository/windows_x86/desktop/qt6_653/qt.qt6.653.win64_msvc2019_64/6.5.3-0-202309260341qtsvg-Windows-Windows_10_22H2-MSVC2019-Windows-Windows_10_22H2-X86_64.7z
2026-06-12 16:43:21,151 - aqt.helper - DEBUG - helper 2760 Asked to redirect(302) to: https://qt.mirror.constant.com/online/qtsdkrepository/windows_x86/desktop/qt6_653/qt.qt6.653.win64_msvc2019_64/6.5.3-0-202309260341qtbase-Windows-Windows_10_22H2-MSVC2019-Windows-Windows_10_22H2-X86_64.7z
2026-06-12 16:43:21,151 - aqt.helper - INFO - helper 2760 Redirected: qt.mirror.constant.com
2026-06-12 16:43:21,161 - aqt.helper - DEBUG - helper 27420 Asked to redirect(302) to: https://qt.mirror.constant.com/online/qtsdkrepository/windows_x86/desktop/qt6_653/qt.qt6.653.win64_msvc2019_64/6.5.3-0-202309260341qtdeclarative-Windows-Windows_10_22H2-MSVC2019-Windows-Windows_10_22H2-X86_64.7z
2026-06-12 16:43:21,161 - aqt.helper - INFO - helper 27420 Redirected: qt.mirror.constant.com
2026-06-12 16:43:21,228 - aqt.helper - DEBUG - helper 27392 Asked to redirect(302) to: https://qt.mirror.constant.com/online/qtsdkrepository/windows_x86/desktop/qt6_653/qt.qt6.653.win64_msvc2019_64/6.5.3-0-202309260341qtsvg-Windows-Windows_10_22H2-MSVC2019-Windows-Windows_10_22H2-X86_64.7z
2026-06-12 16:43:21,229 - aqt.helper - INFO - helper 27392 Redirected: qt.mirror.constant.com
2026-06-12 16:43:21,276 - aqt.helper - DEBUG - helper 25004 Asked to redirect(302) to: https://qt.mirror.constant.com/online/qtsdkrepository/windows_x86/desktop/qt6_653/qt.qt6.653.win64_msvc2019_64/6.5.3-0-202309260341qttools-Windows-Windows_10_22H2-MSVC2019-Windows-Windows_10_22H2-X86_64.7z
2026-06-12 16:43:21,276 - aqt.helper - INFO - helper 25004 Redirected: qt.mirror.constant.com
2026-06-12 16:43:23,739 - aqt.installer - INFO - installer 27392 Finished installation of qtsvg-Windows-Windows_10_22H2-MSVC2019-Windows-Windows_10_22H2-X86_64.7z in 6.16371740
2026-06-12 16:43:23,753 - aqt.helper - DEBUG - helper 27392 Attempt to download checksum at https://download.qt.io/online/qtsdkrepository/windows_x86/desktop/qt6_653/qt.qt6.653.win64_msvc2019_64/6.5.3-0-202309260341qttranslations-Windows-Windows_10_22H2-MSVC2019-Windows-Windows_10_22H2-X86_64.7z.sha256
2026-06-12 16:43:25,818 - aqt.helper - INFO - helper 27392 Downloading qttranslations...
2026-06-12 16:43:25,818 - aqt.installer - DEBUG - installer 27392 Download URL: https://download.qt.io/online/qtsdkrepository/windows_x86/desktop/qt6_653/qt.qt6.653.win64_msvc2019_64/6.5.3-0-202309260341qttranslations-Windows-Windows_10_22H2-MSVC2019-Windows-Windows_10_22H2-X86_64.7z
2026-06-12 16:43:28,223 - aqt.helper - DEBUG - helper 27392 Asked to redirect(302) to: https://qt.mirror.constant.com/online/qtsdkrepository/windows_x86/desktop/qt6_653/qt.qt6.653.win64_msvc2019_64/6.5.3-0-202309260341qttranslations-Windows-Windows_10_22H2-MSVC2019-Windows-Windows_10_22H2-X86_64.7z
2026-06-12 16:43:28,224 - aqt.helper - INFO - helper 27392 Redirected: qt.mirror.constant.com
2026-06-12 16:43:32,151 - aqt.installer - INFO - installer 27392 Finished installation of qttranslations-Windows-Windows_10_22H2-MSVC2019-Windows-Windows_10_22H2-X86_64.7z in 8.39980150
2026-06-12 16:43:32,167 - aqt.helper - DEBUG - helper 27392 Attempt to download checksum at https://download.qt.io/online/qtsdkrepository/windows_x86/desktop/qt6_653/qt.qt6.653.win64_msvc2019_64/6.5.3-0-202309260341d3dcompiler_47-x64.7z.sha256
2026-06-12 16:43:34,767 - aqt.installer - INFO - installer 25004 Finished installation of qttools-Windows-Windows_10_22H2-MSVC2019-Windows-Windows_10_22H2-X86_64.7z in 17.17537400
2026-06-12 16:43:34,786 - aqt.helper - DEBUG - helper 25004 Attempt to download checksum at https://download.qt.io/online/qtsdkrepository/windows_x86/desktop/qt6_653/qt.qt6.653.win64_msvc2019_64/6.5.3-0-202309260341opengl32sw-64-mesa_11_2_2-signed_sha256.7z.sha256
2026-06-12 16:43:34,890 - aqt.helper - INFO - helper 27392 Downloading d3dcompiler_47...
2026-06-12 16:43:34,891 - aqt.installer - DEBUG - installer 27392 Download URL: https://download.qt.io/online/qtsdkrepository/windows_x86/desktop/qt6_653/qt.qt6.653.win64_msvc2019_64/6.5.3-0-202309260341d3dcompiler_47-x64.7z
2026-06-12 16:43:36,636 - aqt.helper - INFO - helper 25004 Downloading opengl32sw...
2026-06-12 16:43:36,636 - aqt.installer - DEBUG - installer 25004 Download URL: https://download.qt.io/online/qtsdkrepository/windows_x86/desktop/qt6_653/qt.qt6.653.win64_msvc2019_64/6.5.3-0-202309260341opengl32sw-64-mesa_11_2_2-signed_sha256.7z
2026-06-12 16:43:36,650 - aqt.helper - DEBUG - helper 27392 Asked to redirect(302) to: https://qt.mirror.constant.com/online/qtsdkrepository/windows_x86/desktop/qt6_653/qt.qt6.653.win64_msvc2019_64/6.5.3-0-202309260341d3dcompiler_47-x64.7z
2026-06-12 16:43:36,650 - aqt.helper - INFO - helper 27392 Redirected: qt.mirror.constant.com
2026-06-12 16:43:38,001 - aqt.installer - INFO - installer 2760 Finished installation of qtbase-Windows-Windows_10_22H2-MSVC2019-Windows-Windows_10_22H2-X86_64.7z in 20.44055020
2026-06-12 16:43:38,486 - aqt.helper - DEBUG - helper 25004 Asked to redirect(302) to: https://qt.mirror.constant.com/online/qtsdkrepository/windows_x86/desktop/qt6_653/qt.qt6.653.win64_msvc2019_64/6.5.3-0-202309260341opengl32sw-64-mesa_11_2_2-signed_sha256.7z
2026-06-12 16:43:38,487 - aqt.helper - INFO - helper 25004 Redirected: qt.mirror.constant.com
2026-06-12 16:43:39,581 - aqt.installer - INFO - installer 27392 Finished installation of d3dcompiler_47-x64.7z in 7.41800570
2026-06-12 16:43:42,355 - aqt.installer - INFO - installer 25004 Finished installation of opengl32sw-64-mesa_11_2_2-signed_sha256.7z in 7.57204710
2026-06-12 16:43:44,746 - aqt.installer - INFO - installer 27420 Finished installation of qtdeclarative-Windows-Windows_10_22H2-MSVC2019-Windows-Windows_10_22H2-X86_64.7z in 27.15676630
2026-06-12 16:43:45,327 - aqt.updater - INFO - updater 18932 Patching F:\Qt\6.5.3\msvc2019_64\bin\qmake.exe
2026-06-12 16:43:45,330 - aqt.updater - INFO - updater 18932 Patching F:\Qt\6.5.3\msvc2019_64\lib\Qt6Concurrent.prl
2026-06-12 16:43:45,331 - aqt.updater - INFO - updater 18932 Patching F:\Qt\6.5.3\msvc2019_64\lib\Qt6Concurrentd.prl
2026-06-12 16:43:45,332 - aqt.updater - INFO - updater 18932 Patching F:\Qt\6.5.3\msvc2019_64\lib\Qt6Core.prl
2026-06-12 16:43:45,333 - aqt.updater - INFO - updater 18932 Patching F:\Qt\6.5.3\msvc2019_64\lib\Qt6Cored.prl
2026-06-12 16:43:45,334 - aqt.updater - INFO - updater 18932 Patching F:\Qt\6.5.3\msvc2019_64\lib\Qt6DBus.prl
2026-06-12 16:43:45,335 - aqt.updater - INFO - updater 18932 Patching F:\Qt\6.5.3\msvc2019_64\lib\Qt6DBusd.prl
2026-06-12 16:43:45,335 - aqt.updater - INFO - updater 18932 Patching F:\Qt\6.5.3\msvc2019_64\lib\Qt6Designer.prl
2026-06-12 16:43:45,336 - aqt.updater - INFO - updater 18932 Patching F:\Qt\6.5.3\msvc2019_64\lib\Qt6DesignerComponents.prl
2026-06-12 16:43:45,336 - aqt.updater - INFO - updater 18932 Patching F:\Qt\6.5.3\msvc2019_64\lib\Qt6DesignerComponentsd.prl
2026-06-12 16:43:45,337 - aqt.updater - INFO - updater 18932 Patching F:\Qt\6.5.3\msvc2019_64\lib\Qt6Designerd.prl
2026-06-12 16:43:45,338 - aqt.updater - INFO - updater 18932 Patching F:\Qt\6.5.3\msvc2019_64\lib\Qt6DeviceDiscoverySupport.prl
2026-06-12 16:43:45,338 - aqt.updater - INFO - updater 18932 Patching F:\Qt\6.5.3\msvc2019_64\lib\Qt6DeviceDiscoverySupportd.prl
2026-06-12 16:43:45,339 - aqt.updater - INFO - updater 18932 Patching F:\Qt\6.5.3\msvc2019_64\lib\Qt6EntryPoint.prl
2026-06-12 16:43:45,339 - aqt.updater - INFO - updater 18932 Patching F:\Qt\6.5.3\msvc2019_64\lib\Qt6EntryPointd.prl
2026-06-12 16:43:45,340 - aqt.updater - INFO - updater 18932 Patching F:\Qt\6.5.3\msvc2019_64\lib\Qt6ExampleIcons.prl
2026-06-12 16:43:45,341 - aqt.updater - INFO - updater 18932 Patching F:\Qt\6.5.3\msvc2019_64\lib\Qt6ExampleIconsd.prl
2026-06-12 16:43:45,341 - aqt.updater - INFO - updater 18932 Patching F:\Qt\6.5.3\msvc2019_64\lib\Qt6FbSupport.prl
2026-06-12 16:43:45,342 - aqt.updater - INFO - updater 18932 Patching F:\Qt\6.5.3\msvc2019_64\lib\Qt6FbSupportd.prl
2026-06-12 16:43:45,342 - aqt.updater - INFO - updater 18932 Patching F:\Qt\6.5.3\msvc2019_64\lib\Qt6Gui.prl
2026-06-12 16:43:45,343 - aqt.updater - INFO - updater 18932 Patching F:\Qt\6.5.3\msvc2019_64\lib\Qt6Guid.prl
2026-06-12 16:43:45,343 - aqt.updater - INFO - updater 18932 Patching F:\Qt\6.5.3\msvc2019_64\lib\Qt6Help.prl
2026-06-12 16:43:45,344 - aqt.updater - INFO - updater 18932 Patching F:\Qt\6.5.3\msvc2019_64\lib\Qt6Helpd.prl
2026-06-12 16:43:45,344 - aqt.updater - INFO - updater 18932 Patching F:\Qt\6.5.3\msvc2019_64\lib\Qt6LabsAnimation.prl
2026-06-12 16:43:45,345 - aqt.updater - INFO - updater 18932 Patching F:\Qt\6.5.3\msvc2019_64\lib\Qt6LabsAnimationd.prl
2026-06-12 16:43:45,346 - aqt.updater - INFO - updater 18932 Patching F:\Qt\6.5.3\msvc2019_64\lib\Qt6LabsFolderListModel.prl
2026-06-12 16:43:45,346 - aqt.updater - INFO - updater 18932 Patching F:\Qt\6.5.3\msvc2019_64\lib\Qt6LabsFolderListModeld.prl
2026-06-12 16:43:45,347 - aqt.updater - INFO - updater 18932 Patching F:\Qt\6.5.3\msvc2019_64\lib\Qt6LabsQmlModels.prl
2026-06-12 16:43:45,347 - aqt.updater - INFO - updater 18932 Patching F:\Qt\6.5.3\msvc2019_64\lib\Qt6LabsQmlModelsd.prl
2026-06-12 16:43:45,348 - aqt.updater - INFO - updater 18932 Patching F:\Qt\6.5.3\msvc2019_64\lib\Qt6LabsSettings.prl
2026-06-12 16:43:45,349 - aqt.updater - INFO - updater 18932 Patching F:\Qt\6.5.3\msvc2019_64\lib\Qt6LabsSettingsd.prl
2026-06-12 16:43:45,350 - aqt.updater - INFO - updater 18932 Patching F:\Qt\6.5.3\msvc2019_64\lib\Qt6LabsSharedImage.prl
2026-06-12 16:43:45,350 - aqt.updater - INFO - updater 18932 Patching F:\Qt\6.5.3\msvc2019_64\lib\Qt6LabsSharedImaged.prl
2026-06-12 16:43:45,351 - aqt.updater - INFO - updater 18932 Patching F:\Qt\6.5.3\msvc2019_64\lib\Qt6LabsWavefrontMesh.prl
2026-06-12 16:43:45,351 - aqt.updater - INFO - updater 18932 Patching F:\Qt\6.5.3\msvc2019_64\lib\Qt6LabsWavefrontMeshd.prl
2026-06-12 16:43:45,352 - aqt.updater - INFO - updater 18932 Patching F:\Qt\6.5.3\msvc2019_64\lib\Qt6Network.prl
2026-06-12 16:43:45,353 - aqt.updater - INFO - updater 18932 Patching F:\Qt\6.5.3\msvc2019_64\lib\Qt6Networkd.prl
2026-06-12 16:43:45,354 - aqt.updater - INFO - updater 18932 Patching F:\Qt\6.5.3\msvc2019_64\lib\Qt6OpenGL.prl
2026-06-12 16:43:45,354 - aqt.updater - INFO - updater 18932 Patching F:\Qt\6.5.3\msvc2019_64\lib\Qt6OpenGLd.prl
2026-06-12 16:43:45,355 - aqt.updater - INFO - updater 18932 Patching F:\Qt\6.5.3\msvc2019_64\lib\Qt6OpenGLWidgets.prl
2026-06-12 16:43:45,356 - aqt.updater - INFO - updater 18932 Patching F:\Qt\6.5.3\msvc2019_64\lib\Qt6OpenGLWidgetsd.prl
2026-06-12 16:43:45,356 - aqt.updater - INFO - updater 18932 Patching F:\Qt\6.5.3\msvc2019_64\lib\Qt6PacketProtocol.prl
2026-06-12 16:43:45,357 - aqt.updater - INFO - updater 18932 Patching F:\Qt\6.5.3\msvc2019_64\lib\Qt6PacketProtocold.prl
2026-06-12 16:43:45,357 - aqt.updater - INFO - updater 18932 Patching F:\Qt\6.5.3\msvc2019_64\lib\Qt6PrintSupport.prl
2026-06-12 16:43:45,358 - aqt.updater - INFO - updater 18932 Patching F:\Qt\6.5.3\msvc2019_64\lib\Qt6PrintSupportd.prl
2026-06-12 16:43:45,358 - aqt.updater - INFO - updater 18932 Patching F:\Qt\6.5.3\msvc2019_64\lib\Qt6Qml.prl
2026-06-12 16:43:45,359 - aqt.updater - INFO - updater 18932 Patching F:\Qt\6.5.3\msvc2019_64\lib\Qt6QmlCompiler.prl
2026-06-12 16:43:45,360 - aqt.updater - INFO - updater 18932 Patching F:\Qt\6.5.3\msvc2019_64\lib\Qt6QmlCompilerd.prl
2026-06-12 16:43:45,360 - aqt.updater - INFO - updater 18932 Patching F:\Qt\6.5.3\msvc2019_64\lib\Qt6QmlCore.prl
2026-06-12 16:43:45,361 - aqt.updater - INFO - updater 18932 Patching F:\Qt\6.5.3\msvc2019_64\lib\Qt6QmlCored.prl
2026-06-12 16:43:45,361 - aqt.updater - INFO - updater 18932 Patching F:\Qt\6.5.3\msvc2019_64\lib\Qt6Qmld.prl
2026-06-12 16:43:45,362 - aqt.updater - INFO - updater 18932 Patching F:\Qt\6.5.3\msvc2019_64\lib\Qt6QmlDebug.prl
2026-06-12 16:43:45,362 - aqt.updater - INFO - updater 18932 Patching F:\Qt\6.5.3\msvc2019_64\lib\Qt6QmlDebugd.prl
2026-06-12 16:43:45,363 - aqt.updater - INFO - updater 18932 Patching F:\Qt\6.5.3\msvc2019_64\lib\Qt6QmlDom.prl
2026-06-12 16:43:45,363 - aqt.updater - INFO - updater 18932 Patching F:\Qt\6.5.3\msvc2019_64\lib\Qt6QmlDomd.prl
2026-06-12 16:43:45,364 - aqt.updater - INFO - updater 18932 Patching F:\Qt\6.5.3\msvc2019_64\lib\Qt6QmlLocalStorage.prl
2026-06-12 16:43:45,365 - aqt.updater - INFO - updater 18932 Patching F:\Qt\6.5.3\msvc2019_64\lib\Qt6QmlLocalStoraged.prl
2026-06-12 16:43:45,366 - aqt.updater - INFO - updater 18932 Patching F:\Qt\6.5.3\msvc2019_64\lib\Qt6QmlModels.prl
2026-06-12 16:43:45,366 - aqt.updater - INFO - updater 18932 Patching F:\Qt\6.5.3\msvc2019_64\lib\Qt6QmlModelsd.prl
2026-06-12 16:43:45,367 - aqt.updater - INFO - updater 18932 Patching F:\Qt\6.5.3\msvc2019_64\lib\Qt6QmlTypeRegistrar.prl
2026-06-12 16:43:45,368 - aqt.updater - INFO - updater 18932 Patching F:\Qt\6.5.3\msvc2019_64\lib\Qt6QmlTypeRegistrard.prl
2026-06-12 16:43:45,368 - aqt.updater - INFO - updater 18932 Patching F:\Qt\6.5.3\msvc2019_64\lib\Qt6QmlWorkerScript.prl
2026-06-12 16:43:45,369 - aqt.updater - INFO - updater 18932 Patching F:\Qt\6.5.3\msvc2019_64\lib\Qt6QmlWorkerScriptd.prl
2026-06-12 16:43:45,369 - aqt.updater - INFO - updater 18932 Patching F:\Qt\6.5.3\msvc2019_64\lib\Qt6QmlXmlListModel.prl
2026-06-12 16:43:45,370 - aqt.updater - INFO - updater 18932 Patching F:\Qt\6.5.3\msvc2019_64\lib\Qt6QmlXmlListModeld.prl
2026-06-12 16:43:45,371 - aqt.updater - INFO - updater 18932 Patching F:\Qt\6.5.3\msvc2019_64\lib\Qt6Quick.prl
2026-06-12 16:43:45,371 - aqt.updater - INFO - updater 18932 Patching F:\Qt\6.5.3\msvc2019_64\lib\Qt6QuickControls2.prl
2026-06-12 16:43:45,372 - aqt.updater - INFO - updater 18932 Patching F:\Qt\6.5.3\msvc2019_64\lib\Qt6QuickControls2d.prl
2026-06-12 16:43:45,372 - aqt.updater - INFO - updater 18932 Patching F:\Qt\6.5.3\msvc2019_64\lib\Qt6QuickControls2Impl.prl
2026-06-12 16:43:45,373 - aqt.updater - INFO - updater 18932 Patching F:\Qt\6.5.3\msvc2019_64\lib\Qt6QuickControls2Impld.prl
2026-06-12 16:43:45,374 - aqt.updater - INFO - updater 18932 Patching F:\Qt\6.5.3\msvc2019_64\lib\Qt6QuickControlsTestUtils.prl
2026-06-12 16:43:45,375 - aqt.updater - INFO - updater 18932 Patching F:\Qt\6.5.3\msvc2019_64\lib\Qt6QuickControlsTestUtilsd.prl
2026-06-12 16:43:45,375 - aqt.updater - INFO - updater 18932 Patching F:\Qt\6.5.3\msvc2019_64\lib\Qt6Quickd.prl
2026-06-12 16:43:45,376 - aqt.updater - INFO - updater 18932 Patching F:\Qt\6.5.3\msvc2019_64\lib\Qt6QuickDialogs2.prl
2026-06-12 16:43:45,376 - aqt.updater - INFO - updater 18932 Patching F:\Qt\6.5.3\msvc2019_64\lib\Qt6QuickDialogs2d.prl
2026-06-12 16:43:45,377 - aqt.updater - INFO - updater 18932 Patching F:\Qt\6.5.3\msvc2019_64\lib\Qt6QuickDialogs2QuickImpl.prl
2026-06-12 16:43:45,377 - aqt.updater - INFO - updater 18932 Patching F:\Qt\6.5.3\msvc2019_64\lib\Qt6QuickDialogs2QuickImpld.prl
2026-06-12 16:43:45,378 - aqt.updater - INFO - updater 18932 Patching F:\Qt\6.5.3\msvc2019_64\lib\Qt6QuickDialogs2Utils.prl
2026-06-12 16:43:45,379 - aqt.updater - INFO - updater 18932 Patching F:\Qt\6.5.3\msvc2019_64\lib\Qt6QuickDialogs2Utilsd.prl
2026-06-12 16:43:45,379 - aqt.updater - INFO - updater 18932 Patching F:\Qt\6.5.3\msvc2019_64\lib\Qt6QuickEffects.prl
2026-06-12 16:43:45,380 - aqt.updater - INFO - updater 18932 Patching F:\Qt\6.5.3\msvc2019_64\lib\Qt6QuickEffectsd.prl
2026-06-12 16:43:45,381 - aqt.updater - INFO - updater 18932 Patching F:\Qt\6.5.3\msvc2019_64\lib\Qt6QuickLayouts.prl
2026-06-12 16:43:45,381 - aqt.updater - INFO - updater 18932 Patching F:\Qt\6.5.3\msvc2019_64\lib\Qt6QuickLayoutsd.prl
2026-06-12 16:43:45,382 - aqt.updater - INFO - updater 18932 Patching F:\Qt\6.5.3\msvc2019_64\lib\Qt6QuickParticles.prl
2026-06-12 16:43:45,382 - aqt.updater - INFO - updater 18932 Patching F:\Qt\6.5.3\msvc2019_64\lib\Qt6QuickParticlesd.prl
2026-06-12 16:43:45,383 - aqt.updater - INFO - updater 18932 Patching F:\Qt\6.5.3\msvc2019_64\lib\Qt6QuickShapes.prl
2026-06-12 16:43:45,383 - aqt.updater - INFO - updater 18932 Patching F:\Qt\6.5.3\msvc2019_64\lib\Qt6QuickShapesd.prl
2026-06-12 16:43:45,384 - aqt.updater - INFO - updater 18932 Patching F:\Qt\6.5.3\msvc2019_64\lib\Qt6QuickTemplates2.prl
2026-06-12 16:43:45,385 - aqt.updater - INFO - updater 18932 Patching F:\Qt\6.5.3\msvc2019_64\lib\Qt6QuickTemplates2d.prl
2026-06-12 16:43:45,385 - aqt.updater - INFO - updater 18932 Patching F:\Qt\6.5.3\msvc2019_64\lib\Qt6QuickTest.prl
2026-06-12 16:43:45,386 - aqt.updater - INFO - updater 18932 Patching F:\Qt\6.5.3\msvc2019_64\lib\Qt6QuickTestd.prl
2026-06-12 16:43:45,386 - aqt.updater - INFO - updater 18932 Patching F:\Qt\6.5.3\msvc2019_64\lib\Qt6QuickTestUtils.prl
2026-06-12 16:43:45,387 - aqt.updater - INFO - updater 18932 Patching F:\Qt\6.5.3\msvc2019_64\lib\Qt6QuickTestUtilsd.prl
2026-06-12 16:43:45,388 - aqt.updater - INFO - updater 18932 Patching F:\Qt\6.5.3\msvc2019_64\lib\Qt6QuickWidgets.prl
2026-06-12 16:43:45,388 - aqt.updater - INFO - updater 18932 Patching F:\Qt\6.5.3\msvc2019_64\lib\Qt6QuickWidgetsd.prl
2026-06-12 16:43:45,389 - aqt.updater - INFO - updater 18932 Patching F:\Qt\6.5.3\msvc2019_64\lib\Qt6Sql.prl
2026-06-12 16:43:45,389 - aqt.updater - INFO - updater 18932 Patching F:\Qt\6.5.3\msvc2019_64\lib\Qt6Sqld.prl
2026-06-12 16:43:45,390 - aqt.updater - INFO - updater 18932 Patching F:\Qt\6.5.3\msvc2019_64\lib\Qt6Svg.prl
2026-06-12 16:43:45,391 - aqt.updater - INFO - updater 18932 Patching F:\Qt\6.5.3\msvc2019_64\lib\Qt6Svgd.prl
2026-06-12 16:43:45,391 - aqt.updater - INFO - updater 18932 Patching F:\Qt\6.5.3\msvc2019_64\lib\Qt6SvgWidgets.prl
2026-06-12 16:43:45,393 - aqt.updater - INFO - updater 18932 Patching F:\Qt\6.5.3\msvc2019_64\lib\Qt6SvgWidgetsd.prl
2026-06-12 16:43:45,393 - aqt.updater - INFO - updater 18932 Patching F:\Qt\6.5.3\msvc2019_64\lib\Qt6Test.prl
2026-06-12 16:43:45,394 - aqt.updater - INFO - updater 18932 Patching F:\Qt\6.5.3\msvc2019_64\lib\Qt6Testd.prl
2026-06-12 16:43:45,394 - aqt.updater - INFO - updater 18932 Patching F:\Qt\6.5.3\msvc2019_64\lib\Qt6UiTools.prl
2026-06-12 16:43:45,395 - aqt.updater - INFO - updater 18932 Patching F:\Qt\6.5.3\msvc2019_64\lib\Qt6UiToolsd.prl
2026-06-12 16:43:45,396 - aqt.updater - INFO - updater 18932 Patching F:\Qt\6.5.3\msvc2019_64\lib\Qt6Widgets.prl
2026-06-12 16:43:45,397 - aqt.updater - INFO - updater 18932 Patching F:\Qt\6.5.3\msvc2019_64\lib\Qt6Widgetsd.prl
2026-06-12 16:43:45,397 - aqt.updater - INFO - updater 18932 Patching F:\Qt\6.5.3\msvc2019_64\lib\Qt6Xml.prl
2026-06-12 16:43:45,398 - aqt.updater - INFO - updater 18932 Patching F:\Qt\6.5.3\msvc2019_64\lib\Qt6Xmld.prl
2026-06-12 16:43:45,399 - aqt.main - INFO - installer 18932 Finished installation
2026-06-12 16:43:45,399 - aqt.main - INFO - installer 18932 Time elapsed: 32.19956550 second
